<?xml version="1.0" encoding="UTF-8"?>
<!-- Generated by org.testng.reporters.JUnitReportReporter -->
<testsuite skipped="0" hostname="computer003-PC" name="com.automation.PracticeWebsite" tests="5" failures="0" timestamp="2020-01-06T12:31:51 IST" time="22.026" errors="0">
  <testcase name="initial" time="11.548" classname="com.automation.PracticeWebsite"/>
  <testcase name="radiobutton" time="0.117" classname="com.automation.PracticeWebsite"/>
  <testcase name="autocomplete" time="6.235" classname="com.automation.PracticeWebsite"/>
  <testcase name="newwindow" time="3.464" classname="com.automation.PracticeWebsite"/>
  <testcase name="finish" time="0.662" classname="com.automation.PracticeWebsite"/>
</testsuite> <!-- com.automation.PracticeWebsite -->
