<?xml version="1.0" encoding="UTF-8"?>
<!-- Generated by org.testng.reporters.JUnitReportReporter -->
<testsuite skipped="0" hostname="computer003-PC" name="com.automation.New" tests="2" failures="0" timestamp="2020-01-07T20:39:38 IST" time="26.647" errors="0">
  <testcase name="initial" time="19.622" classname="com.automation.New"/>
  <testcase name="tc1" time="7.025" classname="com.automation.New"/>
</testsuite> <!-- com.automation.New -->
