<?xml version="1.0" encoding="UTF-8"?>
<!-- Generated by org.testng.reporters.JUnitReportReporter -->
<testsuite skipped="0" hostname="computer003-PC" name="com.testng.TestNG_1" tests="1" failures="0" timestamp="2020-01-07T15:31:29 IST" time="0.008" errors="0">
  <testcase name="tc1" time="0.008" classname="com.testng.TestNG_1"/>
</testsuite> <!-- com.testng.TestNG_1 -->
