<?xml version="1.0" encoding="UTF-8"?>
<!-- Generated by org.testng.reporters.JUnitReportReporter -->
<testsuite skipped="0" hostname="computer003-PC" name="com.automation.JsonReadingAutomation" tests="2" failures="0" timestamp="2020-01-09T20:40:00 IST" time="14.929" errors="0">
  <testcase name="url" time="14.910" classname="com.automation.JsonReadingAutomation"/>
  <testcase name="jsonread" time="0.019" classname="com.automation.JsonReadingAutomation"/>
</testsuite> <!-- com.automation.JsonReadingAutomation -->
