<?xml version="1.0" encoding="UTF-8"?>
<!-- Generated by org.testng.reporters.JUnitReportReporter -->
<testsuite skipped="0" hostname="computer003-PC" name="com.json.read.JsonreadAutomation" tests="3" failures="0" timestamp="2020-01-10T12:25:28 IST" time="40.358" errors="0">
  <testcase name="jsonread" time="0.018" classname="com.json.read.JsonreadAutomation"/>
  <testcase name="url" time="22.433" classname="com.json.read.JsonreadAutomation"/>
  <testcase name="demog" time="17.907" classname="com.json.read.JsonreadAutomation"/>
</testsuite> <!-- com.json.read.JsonreadAutomation -->
