<?xml version="1.0" encoding="UTF-8"?>
<!-- Generated by org.testng.reporters.JUnitReportReporter -->
<testsuite skipped="0" hostname="computer003-PC" name="com.automation.New" tests="2" failures="0" timestamp="2020-01-20T10:42:55 IST" time="37.579" errors="0">
  <testcase name="tc1" time="7.740" classname="com.automation.New"/>
  <testcase name="initial" time="29.839" classname="com.automation.New"/>
</testsuite> <!-- com.automation.New -->
